0 info it worked if it ends with ok
1 verbose cli [ '/usr/local/bin/node', '/usr/local/bin/npm', 'run', 'build' ]
2 info using npm@3.7.5
3 info using node@v6.6.0
4 verbose run-script [ 'prebuild', 'build', 'postbuild' ]
5 info lifecycle seekjs-doc@1.0.0~prebuild: seekjs-doc@1.0.0
6 silly lifecycle seekjs-doc@1.0.0~prebuild: no script for prebuild, continuing
7 info lifecycle seekjs-doc@1.0.0~build: seekjs-doc@1.0.0
8 verbose lifecycle seekjs-doc@1.0.0~build: unsafe-perm in lifecycle true
9 verbose lifecycle seekjs-doc@1.0.0~build: PATH: /usr/local/lib/node_modules/npm/bin/node-gyp-bin:/data/github/seekjs-doc/node_modules/.bin:/usr/local/bin:/Library/Frameworks/Python.framework/Versions/3.4/bin:/Users/likaituan/.rvm/gems/ruby-2.3.1/bin:/Users/likaituan/.rvm/gems/ruby-2.3.1@global/bin:/Users/likaituan/.rvm/rubies/ruby-2.3.1/bin:/usr/local/bin:/usr/bin:/bin:/usr/sbin:/sbin:/Users/likaituan/.rvm/bin
10 verbose lifecycle seekjs-doc@1.0.0~build: CWD: /data/github/seekjs-doc
11 silly lifecycle seekjs-doc@1.0.0~build: Args: [ '-c',
11 silly lifecycle   'babel /data/github/seekjs-doc/dist/app.js -o /data/github/seekjs-doc/dist/app.js --compact=auto --plugins=babel-preset-es2015' ]
12 silly lifecycle seekjs-doc@1.0.0~build: Returned: code: 1  signal: null
13 info lifecycle seekjs-doc@1.0.0~build: Failed to exec build script
14 verbose stack Error: seekjs-doc@1.0.0 build: `babel /data/github/seekjs-doc/dist/app.js -o /data/github/seekjs-doc/dist/app.js --compact=auto --plugins=babel-preset-es2015`
14 verbose stack Exit status 1
14 verbose stack     at EventEmitter.<anonymous> (/usr/local/lib/node_modules/npm/lib/utils/lifecycle.js:239:16)
14 verbose stack     at emitTwo (events.js:106:13)
14 verbose stack     at EventEmitter.emit (events.js:191:7)
14 verbose stack     at ChildProcess.<anonymous> (/usr/local/lib/node_modules/npm/lib/utils/spawn.js:24:14)
14 verbose stack     at emitTwo (events.js:106:13)
14 verbose stack     at ChildProcess.emit (events.js:191:7)
14 verbose stack     at maybeClose (internal/child_process.js:877:16)
14 verbose stack     at Process.ChildProcess._handle.onexit (internal/child_process.js:226:5)
15 verbose pkgid seekjs-doc@1.0.0
16 verbose cwd /data/github/seekjs-doc
17 error Darwin 15.6.0
18 error argv "/usr/local/bin/node" "/usr/local/bin/npm" "run" "build"
19 error node v6.6.0
20 error npm  v3.7.5
21 error code ELIFECYCLE
22 error seekjs-doc@1.0.0 build: `babel /data/github/seekjs-doc/dist/app.js -o /data/github/seekjs-doc/dist/app.js --compact=auto --plugins=babel-preset-es2015`
22 error Exit status 1
23 error Failed at the seekjs-doc@1.0.0 build script 'babel /data/github/seekjs-doc/dist/app.js -o /data/github/seekjs-doc/dist/app.js --compact=auto --plugins=babel-preset-es2015'.
23 error Make sure you have the latest version of node.js and npm installed.
23 error If you do, this is most likely a problem with the seekjs-doc package,
23 error not with npm itself.
23 error Tell the author that this fails on your system:
23 error     babel /data/github/seekjs-doc/dist/app.js -o /data/github/seekjs-doc/dist/app.js --compact=auto --plugins=babel-preset-es2015
23 error You can get information on how to open an issue for this project with:
23 error     npm bugs seekjs-doc
23 error Or if that isn't available, you can get their info via:
23 error     npm owner ls seekjs-doc
23 error There is likely additional logging output above.
24 verbose exit [ 1, true ]
